<?xml version="1.0" encoding="UTF-8"?>
<!-- Generated by org.testng.reporters.JUnitXMLReporter -->
<testsuite hostname="Bamisho" ignored="0" name="Default test" tests="2" failures="2" timestamp="2019-09-23T19:47:53 BST" time="0.867" errors="0">
  <testcase name="runScenario" time="0.032" classname="cucumber.api.testng.AbstractTestNGCucumberTests">
    <failure/>
  </testcase> <!-- runScenario -->
  <testcase name="runScenario" time="0.016" classname="cucumber.api.testng.AbstractTestNGCucumberTests">
    <failure/>
  </testcase> <!-- runScenario -->
</testsuite> <!-- Default test -->
