<?xml version="1.0" encoding="UTF-8"?>
<!-- Generated by org.testng.reporters.JUnitXMLReporter -->
<testsuite hostname="Bamisho" ignored="0" name="StepDefinition" tests="2" failures="2" timestamp="2019-09-23T19:56:41 BST" time="0.688" errors="0">
  <testcase name="runScenario" time="0.025" classname="cucumber.api.testng.AbstractTestNGCucumberTests">
    <failure/>
  </testcase> <!-- runScenario -->
  <testcase name="runScenario" time="0.12" classname="cucumber.api.testng.AbstractTestNGCucumberTests">
    <failure type="java.lang.NullPointerException">
      <![CDATA[java.lang.NullPointerException
at java.util.regex.Matcher.getTextLength(Matcher.java:1283)
at java.util.regex.Matcher.reset(Matcher.java:309)
at java.util.regex.Matcher.<init>(Matcher.java:229)
at java.util.regex.Pattern.matcher(Pattern.java:1093)
at com.aventstack.extentreports.utils.ExceptionUtil.getExceptionHeadline(ExceptionUtil.java:25)
at com.aventstack.extentreports.ExtentTest.log(ExtentTest.java:399)
at com.aventstack.extentreports.ExtentTest.fail(ExtentTest.java:635)
at com.aventstack.extentreports.ExtentTest.fail(ExtentTest.java:647)
at resources.ExtentReportsListeners.onTestFailure(ExtentReportsListeners.java:45)
at java.util.ArrayList.forEach(ArrayList.java:1257)
... Removed 24 stack frames]]>
    </failure>
  </testcase> <!-- runScenario -->
</testsuite> <!-- StepDefinition -->
