<?xml version="1.0" encoding="UTF-8"?>
<testsuite xmlns:xsi="http://www.w3.org/2001/XMLSchema-instance" xsi:noNamespaceSchemaLocation="https://maven.apache.org/surefire/maven-surefire-plugin/xsd/surefire-test-report.xsd" name="TestSuite" time="11.195" tests="9" errors="0" skipped="8" failures="1">
  <properties>
[...]
</properties>
  <testcase name="initialize" classname="academy.HomePage" time="10.244">
    <failure message="C:\Users\rahul\E2EProject\src\main\java\resources\data.properties (The system cannot find the path specified)" type="java.io.FileNotFoundException">java.io.FileNotFoundException: C:\Users\rahul\E2EProject\src\main\java\resources\data.properties (The system cannot find the path specified)
	at academy.HomePage.initialize(HomePage.java:25)
</failure>
  </testcase>
  <testcase name="initialize" classname="academy.HomePage" time="0">
    <skipped/>
  </testcase>
  <testcase name="initialize" classname="academy.HomePage" time="0">
    <skipped/>
  </testcase>
  <testcase name="validateAppNavBar" classname="academy.validateNavigationBar" time="0">
    <skipped/>
  </testcase>
  <testcase name="basePageNavigation" classname="academy.HomePage" time="0">
    <skipped message="&#10;Method public void academy.HomePage.basePageNavigation(java.lang.String,java.lang.String,java.lang.String) throws java.io.IOException requires a @DataProvider named : getData"/>
  </testcase>
  <testcase name="validateAppTitle" classname="academy.validateTitle" time="0">
    <skipped/>
  </testcase>
  <testcase name="teardown" classname="academy.HomePage" time="0">
    <skipped/>
  </testcase>
  <testcase name="teardown" classname="academy.HomePage" time="0">
    <skipped/>
  </testcase>
  <testcase name="teardown" classname="academy.HomePage" time="0">
    <skipped/>
  </testcase>
</testsuite>